<?xml version="1.0" encoding="UTF-8"?>
<!-- Generated by org.testng.reporters.JUnitReportReporter -->
<testsuite hostname="DESKTOP-GJ0BOG6" failures="0" tests="2" name="org.name.Demotwo" time="0.021" errors="0" timestamp="30 Jun 2024 15:48:54 GMT">
  <testcase classname="org.name.Demotwo" name="test11" time="0.018"/>
  <testcase classname="org.name.Demotwo" name="test11" time="0.003"/>
</testsuite> <!-- org.name.Demotwo -->
