<?xml version="1.0" encoding="UTF-8"?>
<!-- Generated by org.testng.reporters.JUnitReportReporter -->
<testsuite hostname="DESKTOP-GJ0BOG6" failures="0" tests="1" name="org.name.Sampleone" time="0.017" errors="0" timestamp="30 Jun 2024 15:48:04 GMT">
  <testcase classname="org.name.Sampleone" name="tc12" time="0.017"/>
</testsuite> <!-- org.name.Sampleone -->
