<?xml version="1.0" encoding="UTF-8"?>
<!-- Generated by org.testng.reporters.JUnitReportReporter -->
<testsuite hostname="DESKTOP-GJ0BOG6" failures="0" tests="2" name="org.name.Demoone" time="0.063" errors="0" timestamp="30 Jun 2024 15:21:05 GMT">
  <testcase classname="org.name.Demoone" name="test2" time="0.010"/>
  <testcase classname="org.name.Demoone" name="test1" time="0.053"/>
</testsuite> <!-- org.name.Demoone -->
