<?xml version="1.0" encoding="UTF-8"?>
<!-- Generated by org.testng.reporters.JUnitReportReporter -->
<testsuite hostname="DESKTOP-GJ0BOG6" failures="0" tests="1" name="org.name.Demofive" time="4.889" errors="0" timestamp="30 Jun 2024 15:38:25 GMT">
  <testcase classname="org.name.Demofive" name="tc1" time="4.889"/>
</testsuite> <!-- org.name.Demofive -->
